app/build/outputs/logs/manifest-merger-debug-report.txt
-- Merging decision tree log ---
manifest
ADDED from src/main/AndroidManifest.xml:2:1-100:12
	package
		ADDED from src/main/AndroidManifest.xml:3:5-33
		INJECTED from src/main/AndroidManifest.xml
		INJECTED from src/main/AndroidManifest.xml
	android:versionName
		ADDED from src/main/AndroidManifest.xml:5:5-32
		INJECTED from src/main/AndroidManifest.xml
		INJECTED from src/main/AndroidManifest.xml
	android:versionCode
		ADDED from src/main/AndroidManifest.xml:4:5-29
		INJECTED from src/main/AndroidManifest.xml
		INJECTED from src/main/AndroidManifest.xml
	xmlns:android
		ADDED from src/main/AndroidManifest.xml:2:11-69
uses-permission#android.permission.READ_CONTACTS
ADDED from src/main/AndroidManifest.xml:7:5-71
	android:name
		ADDED from src/main/AndroidManifest.xml:7:22-69
uses-permission#android.permission.ACCESS_COARSE_LOCATION
ADDED from src/main/AndroidManifest.xml:8:5-81
	android:name
		ADDED from src/main/AndroidManifest.xml:8:22-78
uses-permission#android.permission.ACCESS_FINE_LOCATION
ADDED from src/main/AndroidManifest.xml:9:5-79
	android:name
		ADDED from src/main/AndroidManifest.xml:9:22-76
uses-permission#android.permission.ACCESS_NETWORK_STATE
ADDED from src/main/AndroidManifest.xml:10:5-79
MERGED from [com.google.android.gms:play-services-maps:8.4.0] AndroidManifest.xml:20:5-78
MERGED from [com.google.android.gms:play-services-ads:8.4.0] AndroidManifest.xml:21:5-78
	android:name
		ADDED from src/main/AndroidManifest.xml:10:22-76
uses-permission#android.permission.INTERNET
ADDED from src/main/AndroidManifest.xml:11:5-67
MERGED from [com.google.android.gms:play-services-maps:8.4.0] AndroidManifest.xml:21:5-66
MERGED from [com.google.android.gms:play-services-ads:8.4.0] AndroidManifest.xml:20:5-66
	android:name
		ADDED from src/main/AndroidManifest.xml:11:22-64
uses-permission#android.permission.WRITE_EXTERNAL_STORAGE
ADDED from src/main/AndroidManifest.xml:12:5-81
	android:name
		ADDED from src/main/AndroidManifest.xml:12:22-78
uses-permission#android.permission.READ_PHONE_STATE
ADDED from src/main/AndroidManifest.xml:13:5-75
	android:name
		ADDED from src/main/AndroidManifest.xml:13:22-72
uses-permission#android.permission.CAMERA
ADDED from src/main/AndroidManifest.xml:14:5-65
	android:name
		ADDED from src/main/AndroidManifest.xml:14:22-62
uses-permission#android.permission.VIBRATE
ADDED from src/main/AndroidManifest.xml:15:5-65
	android:name
		ADDED from src/main/AndroidManifest.xml:15:22-63
uses-permission#android.permission.WAKE_LOCK
ADDED from src/main/AndroidManifest.xml:16:5-67
	android:name
		ADDED from src/main/AndroidManifest.xml:16:22-65
uses-permission#android.permission.RECEIVE_BOOT_COMPLETED
ADDED from src/main/AndroidManifest.xml:17:5-80
	android:name
		ADDED from src/main/AndroidManifest.xml:17:22-78
permission#com.polytech.hospitalmap.permission.MAPS_RECEIVE
ADDED from src/main/AndroidManifest.xml:19:5-21:47
	android:protectionLevel
		ADDED from src/main/AndroidManifest.xml:21:9-44
	android:name
		ADDED from src/main/AndroidManifest.xml:20:9-72
uses-permission#com.google.android.providers.gsf.permission.READ_GSERVICES
ADDED from src/main/AndroidManifest.xml:23:5-98
	android:name
		ADDED from src/main/AndroidManifest.xml:23:22-95
uses-feature#android.hardware.camera
ADDED from src/main/AndroidManifest.xml:25:5-27:36
	android:required
		ADDED from src/main/AndroidManifest.xml:27:9-33
	android:name
		ADDED from src/main/AndroidManifest.xml:26:9-47
uses-feature#android.hardware.camera.autofocus
ADDED from src/main/AndroidManifest.xml:28:5-30:36
	android:required
		ADDED from src/main/AndroidManifest.xml:30:9-33
	android:name
		ADDED from src/main/AndroidManifest.xml:29:9-57
supports-screens
ADDED from src/main/AndroidManifest.xml:32:5-36:39
	android:largeScreens
		ADDED from src/main/AndroidManifest.xml:34:9-36
	android:smallScreens
		ADDED from src/main/AndroidManifest.xml:36:9-36
	android:normalScreens
		ADDED from src/main/AndroidManifest.xml:35:9-37
	android:anyDensity
		ADDED from src/main/AndroidManifest.xml:33:9-34
compatible-screens
ADDED from src/main/AndroidManifest.xml:38:5-42:39
	android:largeScreens
		ADDED from src/main/AndroidManifest.xml:40:9-36
	android:smallScreens
		ADDED from src/main/AndroidManifest.xml:42:9-36
	android:normalScreens
		ADDED from src/main/AndroidManifest.xml:41:9-37
	android:anyDensity
		ADDED from src/main/AndroidManifest.xml:39:9-34
application
ADDED from src/main/AndroidManifest.xml:44:5-98:19
MERGED from [com.google.android.gms:play-services-appindexing:8.4.0] AndroidManifest.xml:19:5-20
MERGED from [com.google.android.gms:play-services-basement:8.4.0] AndroidManifest.xml:20:5-24:19
MERGED from [com.android.support:support-v4:23.1.1] AndroidManifest.xml:22:5-20
MERGED from [com.google.android.gms:play-services-maps:8.4.0] AndroidManifest.xml:27:5-20
MERGED from [com.google.android.gms:play-services-basement:8.4.0] AndroidManifest.xml:20:5-24:19
MERGED from [com.android.support:support-v4:23.1.1] AndroidManifest.xml:22:5-20
MERGED from [com.android.support:support-v4:23.1.1] AndroidManifest.xml:22:5-20
MERGED from [com.android.support:design:23.1.1] AndroidManifest.xml:22:5-20
MERGED from [com.android.support:appcompat-v7:23.1.1] AndroidManifest.xml:22:5-20
MERGED from [com.android.support:support-v4:23.1.1] AndroidManifest.xml:22:5-20
MERGED from [com.android.support:support-v4:23.1.1] AndroidManifest.xml:22:5-20
MERGED from [com.android.support:support-v4:23.1.1] AndroidManifest.xml:22:5-20
MERGED from [com.android.support:cardview-v7:23.3.0] AndroidManifest.xml:22:5-20
MERGED from [com.android.support:support-v4:23.1.1] AndroidManifest.xml:22:5-20
MERGED from [com.android.support:appcompat-v7:23.1.1] AndroidManifest.xml:22:5-20
MERGED from [com.android.support:support-v4:23.1.1] AndroidManifest.xml:22:5-20
MERGED from [com.google.android.gms:play-services-ads:8.4.0] AndroidManifest.xml:24:5-32:19
MERGED from [com.google.android.gms:play-services-basement:8.4.0] AndroidManifest.xml:20:5-24:19
MERGED from [com.android.support:support-v4:23.1.1] AndroidManifest.xml:22:5-20
MERGED from [com.github.medyo:fancybuttons:1.8.1] AndroidManifest.xml:11:5-20
MERGED from [com.cardiomood.android:android-widgets:0.1.1] AndroidManifest.xml:11:5-12:19
	android:label
		ADDED from src/main/AndroidManifest.xml:48:9-41
	android:allowBackup
		ADDED from src/main/AndroidManifest.xml:46:9-35
	android:icon
		ADDED from src/main/AndroidManifest.xml:47:9-43
	android:name
		ADDED from src/main/AndroidManifest.xml:45:9-42
meta-data#DATABASE
ADDED from src/main/AndroidManifest.xml:49:9-83
	android:value
		ADDED from src/main/AndroidManifest.xml:49:44-80
	android:name
		ADDED from src/main/AndroidManifest.xml:49:20-43
meta-data#DOMAIN_PACKAGE_NAME
ADDED from src/main/AndroidManifest.xml:50:9-92
	android:value
		ADDED from src/main/AndroidManifest.xml:50:55-89
	android:name
		ADDED from src/main/AndroidManifest.xml:50:20-54
activity#com.satra.traveler.MainActivity
ADDED from src/main/AndroidManifest.xml:51:9-61:20
	android:label
		ADDED from src/main/AndroidManifest.xml:54:13-45
	android:configChanges
		ADDED from src/main/AndroidManifest.xml:53:13-98
	android:theme
		ADDED from src/main/AndroidManifest.xml:55:13-49
	android:name
		ADDED from src/main/AndroidManifest.xml:52:13-41
intent-filter#android.intent.action.MAIN+android.intent.category.LAUNCHER
ADDED from src/main/AndroidManifest.xml:56:13-60:29
action#android.intent.action.MAIN
ADDED from src/main/AndroidManifest.xml:57:17-69
	android:name
		ADDED from src/main/AndroidManifest.xml:57:25-66
category#android.intent.category.LAUNCHER
ADDED from src/main/AndroidManifest.xml:59:17-77
	android:name
		ADDED from src/main/AndroidManifest.xml:59:27-74
activity#com.satra.traveler.MyPositionActivity
ADDED from src/main/AndroidManifest.xml:62:9-66:68
	android:label
		ADDED from src/main/AndroidManifest.xml:65:13-45
	android:configChanges
		ADDED from src/main/AndroidManifest.xml:64:13-98
	android:theme
		ADDED from src/main/AndroidManifest.xml:66:13-56
	android:name
		ADDED from src/main/AndroidManifest.xml:63:13-47
meta-data#com.google.android.geo.API_KEY
ADDED from src/main/AndroidManifest.xml:68:9-70:71
	android:value
		ADDED from src/main/AndroidManifest.xml:70:13-68
	android:name
		ADDED from src/main/AndroidManifest.xml:69:13-58
meta-data#com.google.android.gms.version
ADDED from src/main/AndroidManifest.xml:71:9-73:69
MERGED from [com.google.android.gms:play-services-basement:8.4.0] AndroidManifest.xml:21:9-23:69
MERGED from [com.google.android.gms:play-services-basement:8.4.0] AndroidManifest.xml:21:9-23:69
MERGED from [com.google.android.gms:play-services-basement:8.4.0] AndroidManifest.xml:21:9-23:69
	android:value
		ADDED from src/main/AndroidManifest.xml:73:13-66
	android:name
		ADDED from src/main/AndroidManifest.xml:72:13-58
activity#com.google.android.gms.ads.AdActivity
ADDED from src/main/AndroidManifest.xml:76:9-79:64
MERGED from [com.google.android.gms:play-services-ads:8.4.0] AndroidManifest.xml:26:9-29:64
	android:configChanges
		ADDED from src/main/AndroidManifest.xml:78:13-122
	android:theme
		ADDED from src/main/AndroidManifest.xml:79:13-61
	android:name
		ADDED from src/main/AndroidManifest.xml:77:13-65
service#com.satra.traveler.SpeedMeterService
ADDED from src/main/AndroidManifest.xml:80:9-86:19
	android:enabled
		ADDED from src/main/AndroidManifest.xml:84:13-35
	android:label
		ADDED from src/main/AndroidManifest.xml:83:13-45
	android:icon
		ADDED from src/main/AndroidManifest.xml:82:13-47
	android:name
		ADDED from src/main/AndroidManifest.xml:81:13-46
receiver#com.satra.traveler.BootBroadcastReceiver
ADDED from src/main/AndroidManifest.xml:88:9-97:20
	android:enabled
		ADDED from src/main/AndroidManifest.xml:90:13-35
	android:exported
		ADDED from src/main/AndroidManifest.xml:91:13-37
	android:name
		ADDED from src/main/AndroidManifest.xml:89:13-50
intent-filter#android.intent.action.BOOT_COMPLETED
ADDED from src/main/AndroidManifest.xml:93:13-95:29
action#android.intent.action.BOOT_COMPLETED
ADDED from src/main/AndroidManifest.xml:94:17-78
	android:name
		ADDED from src/main/AndroidManifest.xml:94:25-76
uses-sdk
INJECTED from src/main/AndroidManifest.xml reason: use-sdk injection requested
MERGED from [com.google.android.gms:play-services-appindexing:8.4.0] AndroidManifest.xml:18:5-42
MERGED from [com.google.android.gms:play-services-base:8.4.0] AndroidManifest.xml:18:5-42
MERGED from [com.google.android.gms:play-services-basement:8.4.0] AndroidManifest.xml:18:5-42
MERGED from [com.android.support:support-v4:23.1.1] AndroidManifest.xml:20:5-43
MERGED from [com.google.android.gms:play-services-maps:8.4.0] AndroidManifest.xml:26:5-42
MERGED from [com.google.android.gms:play-services-base:8.4.0] AndroidManifest.xml:18:5-42
MERGED from [com.google.android.gms:play-services-basement:8.4.0] AndroidManifest.xml:18:5-42
MERGED from [com.android.support:support-v4:23.1.1] AndroidManifest.xml:20:5-43
MERGED from [com.android.support:support-v4:23.1.1] AndroidManifest.xml:20:5-43
MERGED from [com.android.support:design:23.1.1] AndroidManifest.xml:20:5-43
MERGED from [com.android.support:appcompat-v7:23.1.1] AndroidManifest.xml:20:5-43
MERGED from [com.android.support:support-v4:23.1.1] AndroidManifest.xml:20:5-43
MERGED from [com.android.support:recyclerview-v7:23.1.1] AndroidManifest.xml:20:5-43
MERGED from [com.android.support:support-v4:23.1.1] AndroidManifest.xml:20:5-43
MERGED from [com.android.support:support-v4:23.1.1] AndroidManifest.xml:20:5-43
MERGED from [com.android.support:cardview-v7:23.3.0] AndroidManifest.xml:20:5-43
MERGED from [com.android.support:recyclerview-v7:23.1.1] AndroidManifest.xml:20:5-43
MERGED from [com.android.support:support-v4:23.1.1] AndroidManifest.xml:20:5-43
MERGED from [com.android.support:appcompat-v7:23.1.1] AndroidManifest.xml:20:5-43
MERGED from [com.android.support:support-v4:23.1.1] AndroidManifest.xml:20:5-43
MERGED from [com.google.android.gms:play-services-ads:8.4.0] AndroidManifest.xml:23:5-42
MERGED from [com.google.android.gms:play-services-basement:8.4.0] AndroidManifest.xml:18:5-42
MERGED from [com.android.support:support-v4:23.1.1] AndroidManifest.xml:20:5-43
MERGED from [com.github.satyan:sugar:1.5] AndroidManifest.xml:7:5-9:41
MERGED from [com.github.medyo:fancybuttons:1.8.1] AndroidManifest.xml:7:5-9:41
MERGED from [com.cardiomood.android:android-widgets:0.1.1] AndroidManifest.xml:7:5-9:41
	android:targetSdkVersion
		INJECTED from src/main/AndroidManifest.xml
		INJECTED from src/main/AndroidManifest.xml
	android:minSdkVersion
		INJECTED from src/main/AndroidManifest.xml
		INJECTED from src/main/AndroidManifest.xml
uses-feature#0x00020000
ADDED from [com.google.android.gms:play-services-maps:8.4.0] AndroidManifest.xml:22:5-24:33
	android:glEsVersion
		ADDED from [com.google.android.gms:play-services-maps:8.4.0] AndroidManifest.xml:23:8-40
	android:required
		ADDED from [com.google.android.gms:play-services-maps:8.4.0] AndroidManifest.xml:24:8-31
activity#com.google.android.gms.ads.purchase.InAppPurchaseActivity
ADDED from [com.google.android.gms:play-services-ads:8.4.0] AndroidManifest.xml:30:9-31:52
	android:theme
		ADDED from [com.google.android.gms:play-services-ads:8.4.0] AndroidManifest.xml:31:13-50
	android:name
		ADDED from [com.google.android.gms:play-services-ads:8.4.0] AndroidManifest.xml:30:19-91